SF:lib\tree_diagram.dart
DA:11,1
DA:12,1
DA:18,1
DA:19,2
DA:22,2
DA:23,4
DA:26,1
DA:27,2
DA:36,1
DA:37,6
DA:41,2
DA:42,2
DA:45,2
DA:46,2
DA:49,2
DA:50,2
DA:51,6
DA:52,6
DA:53,2
DA:54,2
DA:62,2
DA:66,2
DA:67,2
DA:70,8
DA:71,8
DA:75,4
DA:76,2
DA:78,2
DA:80,2
DA:82,10
DA:84,4
DA:85,2
DA:87,2
DA:88,2
DA:89,6
DA:90,6
DA:93,2
DA:94,2
DA:95,6
DA:97,6
DA:102,2
DA:108,2
DA:109,4
DA:112,2
DA:114,2
DA:115,2
DA:116,8
DA:117,18
DA:122,4
DA:126,8
DA:129,4
DA:130,6
DA:131,4
DA:135,12
DA:142,4
DA:144,8
DA:148,2
DA:151,6
DA:152,2
DA:153,4
DA:154,4
DA:157,6
DA:160,12
DA:164,14
DA:165,6
DA:166,4
DA:167,6
DA:168,4
DA:170,2
DA:172,2
DA:175,8
DA:176,6
LF:72
LH:72
end_of_record
SF:lib\tree_utils.dart
DA:11,2
DA:14,1
DA:16,1
DA:18,1
DA:22,4
DA:23,4
DA:28,10
DA:29,24
DA:30,3
DA:33,8
DA:35,8
DA:37,16
DA:38,4
DA:41,8
DA:44,4
DA:49,3
DA:52,6
DA:59,6
DA:61,9
DA:62,6
DA:63,3
DA:64,6
DA:65,3
DA:67,3
DA:70,3
DA:71,3
DA:76,3
DA:83,2
DA:84,2
DA:85,2
DA:86,4
DA:91,4
DA:93,6
DA:94,4
DA:95,4
DA:96,2
DA:98,2
DA:100,2
DA:101,2
DA:105,2
DA:110,1
DA:114,1
DA:115,3
DA:116,2
DA:117,3
DA:119,1
DA:120,4
DA:122,1
DA:125,1
DA:126,2
DA:127,3
DA:128,3
DA:130,1
DA:131,4
DA:135,1
DA:141,1
LF:56
LH:56
end_of_record
SF:lib\tree_builder.dart
DA:12,1
DA:13,1
DA:16,1
DA:17,1
DA:24,1
DA:25,1
DA:27,2
DA:30,2
DA:34,4
DA:38,1
DA:40,1
DA:41,3
DA:43,6
DA:44,6
DA:51,1
DA:52,1
DA:53,1
DA:54,2
DA:55,1
DA:58,1
DA:60,1
DA:66,1
DA:67,1
DA:70,1
DA:71,1
DA:72,1
DA:73,1
DA:74,1
DA:75,1
DA:76,1
DA:79,2
DA:81,1
DA:82,3
DA:83,3
DA:85,3
DA:86,3
DA:88,1
DA:89,4
DA:90,4
DA:91,3
DA:93,1
DA:94,4
DA:95,4
DA:96,3
DA:99,3
DA:105,1
DA:106,1
DA:108,1
DA:109,1
DA:110,1
DA:112,1
DA:113,1
DA:114,1
DA:118,1
DA:119,3
DA:120,1
DA:124,1
DA:125,1
DA:128,1
DA:129,1
DA:130,1
DA:131,1
DA:132,1
DA:133,1
DA:134,2
DA:135,1
DA:140,0
LF:67
LH:66
end_of_record
SF:lib\ui_constants.dart
DA:5,3
DA:6,3
DA:7,0
DA:8,4
DA:10,3
DA:11,1
DA:12,1
DA:13,1
DA:16,0
LF:9
LH:7
end_of_record
SF:lib\tree_input_page.dart
DA:8,1
DA:12,1
DA:13,2
DA:17,1
DA:33,1
DA:35,3
DA:36,1
DA:38,1
DA:41,2
DA:42,1
DA:44,1
DA:46,1
DA:48,1
DA:49,1
DA:51,1
DA:54,1
DA:55,1
DA:56,1
DA:57,1
DA:59,1
DA:62,1
DA:63,2
DA:65,1
DA:67,1
DA:68,1
DA:72,1
DA:73,1
DA:74,1
DA:75,1
DA:76,1
DA:79,1
DA:80,1
DA:81,1
DA:82,3
DA:84,2
DA:85,3
DA:86,2
DA:87,1
DA:88,2
DA:89,1
DA:92,2
DA:94,2
LF:42
LH:42
end_of_record
